2024-02-08 12:55:20.789 [main] INFO  c.s.eventing.EventingApplication - Starting EventingApplication using Java 21.0.2 with PID 76890 (/Users/fjumic/Desktop/barrage-java-study-fj/build/classes/java/main started by fjumic in /Users/fjumic/Desktop/barrage-java-study-fj)
2024-02-08 12:55:20.790 [main] INFO  c.s.eventing.EventingApplication - No active profile set, falling back to 1 default profile: "default"
2024-02-08 12:55:21.376 [main] INFO  o.s.d.r.c.RepositoryConfigurationDelegate - Bootstrapping Spring Data JPA repositories in DEFAULT mode.
2024-02-08 12:55:21.427 [main] INFO  o.s.d.r.c.RepositoryConfigurationDelegate - Finished Spring Data repository scanning in 44 ms. Found 3 JPA repository interfaces.
2024-02-08 12:55:21.883 [main] INFO  o.s.b.w.e.tomcat.TomcatWebServer - Tomcat initialized with port 8080 (http)
2024-02-08 12:55:21.893 [main] INFO  o.a.coyote.http11.Http11NioProtocol - Initializing ProtocolHandler ["http-nio-8080"]
2024-02-08 12:55:21.894 [main] INFO  o.a.catalina.core.StandardService - Starting service [Tomcat]
2024-02-08 12:55:21.895 [main] INFO  o.a.catalina.core.StandardEngine - Starting Servlet engine: [Apache Tomcat/10.1.18]
2024-02-08 12:55:21.950 [main] INFO  o.a.c.c.C.[Tomcat].[localhost].[/] - Initializing Spring embedded WebApplicationContext
2024-02-08 12:55:21.952 [main] INFO  o.s.b.w.s.c.ServletWebServerApplicationContext - Root WebApplicationContext: initialization completed in 1131 ms
2024-02-08 12:55:22.101 [main] INFO  com.zaxxer.hikari.HikariDataSource - HikariPool-1 - Starting...
2024-02-08 12:55:22.243 [main] INFO  com.zaxxer.hikari.pool.HikariPool - HikariPool-1 - Added connection org.postgresql.jdbc.PgConnection@10ed037a
2024-02-08 12:55:22.244 [main] INFO  com.zaxxer.hikari.HikariDataSource - HikariPool-1 - Start completed.
2024-02-08 12:55:22.358 [main] INFO  liquibase.database - Set default schema name to public
2024-02-08 12:55:22.792 [main] INFO  liquibase.changelog - Reading from public.databasechangelog
2024-02-08 12:55:22.828 [main] INFO  liquibase.ui - Database is up to date, no changesets to execute
2024-02-08 12:55:22.830 [main] INFO  liquibase.changelog - Reading from public.databasechangelog
2024-02-08 12:55:22.836 [main] INFO  liquibase.util - UPDATE SUMMARY
2024-02-08 12:55:22.836 [main] INFO  liquibase.util - Run:                          0
2024-02-08 12:55:22.836 [main] INFO  liquibase.util - Previously run:               2
2024-02-08 12:55:22.836 [main] INFO  liquibase.util - Filtered out:                 0
2024-02-08 12:55:22.836 [main] INFO  liquibase.util - -------------------------------
2024-02-08 12:55:22.836 [main] INFO  liquibase.util - Total change sets:            2
2024-02-08 12:55:22.837 [main] INFO  liquibase.util - Update summary generated
2024-02-08 12:55:22.859 [main] INFO  liquibase.lockservice - Successfully released change log lock
2024-02-08 12:55:22.860 [main] INFO  liquibase.command - Command execution complete
2024-02-08 12:55:22.940 [main] INFO  o.h.jpa.internal.util.LogHelper - HHH000204: Processing PersistenceUnitInfo [name: default]
2024-02-08 12:55:23.006 [main] INFO  org.hibernate.Version - HHH000412: Hibernate ORM core version 6.4.1.Final
2024-02-08 12:55:23.041 [main] INFO  o.h.c.i.RegionFactoryInitiator - HHH000026: Second-level cache disabled
2024-02-08 12:55:23.371 [main] INFO  o.s.o.j.p.SpringPersistenceUnitInfo - No LoadTimeWeaver setup: ignoring JPA class transformer
2024-02-08 12:55:24.186 [main] INFO  o.h.e.t.j.p.i.JtaPlatformInitiator - HHH000489: No JTA platform available (set 'hibernate.transaction.jta.platform' to enable JTA platform integration)
2024-02-08 12:55:24.189 [main] INFO  o.s.o.j.LocalContainerEntityManagerFactoryBean - Initialized JPA EntityManagerFactory for persistence unit 'default'
2024-02-08 12:55:24.603 [main] INFO  o.s.d.j.r.query.QueryEnhancerFactory - Hibernate is in classpath; If applicable, HQL parser will be used.
2024-02-08 12:55:24.669 [main] WARN  o.s.b.a.o.j.JpaBaseConfiguration$JpaWebConfiguration - spring.jpa.open-in-view is enabled by default. Therefore, database queries may be performed during view rendering. Explicitly configure spring.jpa.open-in-view to disable this warning
2024-02-08 12:55:24.948 [main] INFO  o.a.coyote.http11.Http11NioProtocol - Starting ProtocolHandler ["http-nio-8080"]
2024-02-08 12:55:24.960 [main] INFO  o.s.b.w.e.tomcat.TomcatWebServer - Tomcat started on port 8080 (http) with context path ''
2024-02-08 12:55:24.967 [main] INFO  c.s.eventing.EventingApplication - Started EventingApplication in 4.558 seconds (process running for 10.456)
2024-02-08 12:55:44.489 [http-nio-8080-exec-1] INFO  o.a.c.c.C.[Tomcat].[localhost].[/] - Initializing Spring DispatcherServlet 'dispatcherServlet'
2024-02-08 12:55:44.490 [http-nio-8080-exec-1] INFO  o.s.web.servlet.DispatcherServlet - Initializing Servlet 'dispatcherServlet'
2024-02-08 12:55:44.490 [http-nio-8080-exec-1] INFO  o.s.web.servlet.DispatcherServlet - Completed initialization in 0 ms
2024-02-08 12:56:07.933 [SpringApplicationShutdownHook] INFO  o.s.o.j.LocalContainerEntityManagerFactoryBean - Closing JPA EntityManagerFactory for persistence unit 'default'
2024-02-08 12:56:07.934 [SpringApplicationShutdownHook] INFO  com.zaxxer.hikari.HikariDataSource - HikariPool-1 - Shutdown initiated...
2024-02-08 12:56:07.936 [SpringApplicationShutdownHook] INFO  com.zaxxer.hikari.HikariDataSource - HikariPool-1 - Shutdown completed.
